<?xml version="1.0" encoding="UTF-8"?>
<!-- Generated by org.testng.reporters.JUnitReportReporter -->
<testsuite hostname="DESKTOP-46US61V" failures="0" tests="1" name="com.wbl.test.GetWong" time="2.862" errors="0" timestamp="2020-01-27T04:19:12 PST" skipped="0">
  <testcase classname="com.wbl.test.GetWong" name="getRequiredText" time="2.862"/>
</testsuite> <!-- com.wbl.test.GetWong -->
