<?xml version="1.0" encoding="UTF-8"?>
<!-- Generated by org.testng.reporters.JUnitReportReporter -->
<testsuite hostname="DESKTOP-46US61V" failures="0" tests="3" name="com.wbl.test.PostTest" time="5.251" errors="0" timestamp="2020-01-26T04:51:22 PST" skipped="0">
  <testcase classname="com.wbl.test.PostTest" name="postData" time="0.502"/>
  <testcase classname="com.wbl.test.PostTest" name="postData" time="4.233"/>
  <testcase classname="com.wbl.test.PostTest" name="postData" time="0.516"/>
</testsuite> <!-- com.wbl.test.PostTest -->
